2025/05/08 13:17:26 FileMarker запущен
2025/05/08 13:17:26 Используются следующие директории:
2025/05/08 13:17:26   Входящие: data\incoming
2025/05/08 13:17:26   Обработка: data\processing
2025/05/08 13:17:26   Исходящие: data\outgoing
2025/05/08 13:17:26   Архив: data\archive
2025/05/08 13:17:26 Запуск веб-сервера на порту 8080
2025/05/08 13:17:26 Запуск сервера на порту 8080
2025/05/08 13:17:31 Найден новый файл: OUT_MARK_276cb8b4-dfa2-4d69-8ed3-ed8e8fda9460.xml
2025/05/08 13:17:31 Найден новый файл: OUT_MARK_276cb8b4-dfa2-4d69-8ed3-ed8e8fda9461.xml
2025/05/08 13:17:36 Найден новый файл: OUT_MARK_276cb8b4-dfa2-4d69-8ed3-ed8e8fda9460.xml
2025/05/08 13:17:36 Найден новый файл: OUT_MARK_276cb8b4-dfa2-4d69-8ed3-ed8e8fda9461.xml
2025/05/08 13:17:41 Найден новый файл: OUT_MARK_276cb8b4-dfa2-4d69-8ed3-ed8e8fda9460.xml
2025/05/08 13:17:41 Найден новый файл: OUT_MARK_276cb8b4-dfa2-4d69-8ed3-ed8e8fda9461.xml
2025/05/08 13:17:42 Файл перемещен для обработки: data\incoming\OUT_MARK_276cb8b4-dfa2-4d69-8ed3-ed8e8fda9460.xml -> data\processing\OUT_MARK_276cb8b4-dfa2-4d69-8ed3-ed8e8fda9460.xml
2025/05/08 13:17:46 Найден новый файл: OUT_MARK_276cb8b4-dfa2-4d69-8ed3-ed8e8fda9461.xml
2025/05/08 13:17:51 Найден новый файл: OUT_MARK_276cb8b4-dfa2-4d69-8ed3-ed8e8fda9461.xml
2025/05/08 13:20:28 FileMarker запущен
2025/05/08 13:20:28 Используются следующие директории:
2025/05/08 13:20:28   Входящие: data\incoming
2025/05/08 13:20:28   Обработка: data\processing
2025/05/08 13:20:28   Исходящие: data\outgoing
2025/05/08 13:20:28   Архив: data\archive
2025/05/08 13:20:28 Запуск веб-сервера на порту 8080
2025/05/08 13:20:28 Запуск сервера на порту 8080
2025/05/08 13:20:46 Файл перемещен для обработки: data\incoming\OUT_MARK_276cb8b4-dfa2-4d69-8ed3-ed8e8fda9461.xml -> data\processing\OUT_MARK_276cb8b4-dfa2-4d69-8ed3-ed8e8fda9461.xml
2025/05/08 13:27:40 FileMarker запущен
2025/05/08 13:27:40 Используются следующие директории:
2025/05/08 13:27:40   Входящие: data\incoming
2025/05/08 13:27:40   Обработка: data\processing
2025/05/08 13:27:40   Исходящие: data\outgoing
2025/05/08 13:27:40   Архив: data\archive
2025/05/08 13:27:40 Запуск веб-сервера на порту 8080
2025/05/08 13:27:40 Запуск сервера на порту 8080
2025/05/08 13:29:15 FileMarker запущен
2025/05/08 13:29:15 Используются следующие директории:
2025/05/08 13:29:15   Входящие: data\incoming
2025/05/08 13:29:15   Обработка: data\processing
2025/05/08 13:29:15   Исходящие: data\outgoing
2025/05/08 13:29:15   Архив: data\archive
2025/05/08 13:29:15 Запуск веб-сервера на порту 8080
2025/05/08 13:29:15 Запуск сервера на порту 8080
2025/05/08 13:50:29 FileMarker запущен
2025/05/08 13:50:29 Используются следующие директории:
2025/05/08 13:50:29   Входящие: data\incoming
2025/05/08 13:50:29   Обработка: data\processing
2025/05/08 13:50:29   Исходящие: data\outgoing
2025/05/08 13:50:29   Архив: data\archive
2025/05/08 13:50:29 Запуск веб-сервера на порту 8080
2025/05/08 13:50:29 Запуск сервера на порту 8080
2025/05/08 13:50:43 Файл перемещен для обработки: data\incoming\OUT_MARK_276cb8b4-dfa2-4d69-8ed3-ed8e8fda9460.xml -> data\processing\OUT_MARK_276cb8b4-dfa2-4d69-8ed3-ed8e8fda9460.xml
2025/05/08 13:54:54 FileMarker запущен
2025/05/08 13:54:54 Используются следующие директории:
2025/05/08 13:54:54   Входящие: data\incoming
2025/05/08 13:54:54   Обработка: data\processing
2025/05/08 13:54:54   Исходящие: data\outgoing
2025/05/08 13:54:54   Архив: data\archive
2025/05/08 13:54:54 Запуск веб-сервера на порту 8080
2025/05/08 13:54:54 Запуск сервера на порту 8080
2025/05/08 13:55:10 Файл перемещен для обработки: data\incoming\OUT_MARK_276cb8b4-dfa2-4d69-8ed3-ed8e8fda9461.xml -> data\processing\OUT_MARK_276cb8b4-dfa2-4d69-8ed3-ed8e8fda9461.xml
2025/05/08 13:55:34 FileMarker запущен
2025/05/08 13:55:34 Используются следующие директории:
2025/05/08 13:55:34   Входящие: data\incoming
2025/05/08 13:55:34   Обработка: data\processing
2025/05/08 13:55:34   Исходящие: data\outgoing
2025/05/08 13:55:34   Архив: data\archive
2025/05/08 13:55:34 Запуск веб-сервера на порту 8080
2025/05/08 13:55:34 Запуск сервера на порту 8080
2025/05/08 13:56:02 Файл перемещен для обработки: data\incoming\OUT_MARK_276cb8b4-dfa2-4d69-8ed3-ed8e8fda9460.xml -> data\processing\OUT_MARK_276cb8b4-dfa2-4d69-8ed3-ed8e8fda9460.xml
2025/05/08 13:57:51 FileMarker запущен
2025/05/08 13:57:51 Используются следующие директории:
2025/05/08 13:57:51   Входящие: data\incoming
2025/05/08 13:57:51   Обработка: data\processing
2025/05/08 13:57:51   Исходящие: data\outgoing
2025/05/08 13:57:51   Архив: data\archive
2025/05/08 13:57:51 Запуск веб-сервера на порту 8080
2025/05/08 13:57:51 Запуск сервера на порту 8080
2025/05/08 13:57:55 Ошибка при рендеринге шаблона: html/template:layout.html:34:15: no such template "active_task_content"
2025/05/08 13:57:59 Ошибка при рендеринге шаблона: html/template:layout.html:34:15: no such template "active_task_content"
2025/05/08 13:58:28 Ошибка при рендеринге шаблона: html/template:layout.html:34:15: no such template "active_task_content"
2025/05/08 13:58:31 FileMarker запущен
2025/05/08 13:58:31 Используются следующие директории:
2025/05/08 13:58:31   Входящие: data\incoming
2025/05/08 13:58:31   Обработка: data\processing
2025/05/08 13:58:31   Исходящие: data\outgoing
2025/05/08 13:58:31   Архив: data\archive
2025/05/08 13:58:31 Запуск веб-сервера на порту 8080
2025/05/08 13:58:31 Запуск сервера на порту 8080
2025/05/08 13:58:42 Файл перемещен для обработки: data\incoming\OUT_MARK_276cb8b4-dfa2-4d69-8ed3-ed8e8fda9461.xml -> data\processing\OUT_MARK_276cb8b4-dfa2-4d69-8ed3-ed8e8fda9461.xml
